<?xml version="1.0" encoding="UTF-8"?>
<testng-results skipped="0" failed="0" ignored="0" total="1" passed="1">
  <reporter-output>
  </reporter-output>
  <suite name="Default suite" duration-ms="10286" started-at="2020-12-18T18:43:56Z" finished-at="2020-12-18T18:44:06Z">
    <groups>
    </groups>
    <test name="Default test" duration-ms="10286" started-at="2020-12-18T18:43:56Z" finished-at="2020-12-18T18:44:06Z">
      <class name="test2.Logintwo">
        <test-method status="PASS" signature="setup()[pri:0, instance:test2.Logintwo@659a969b]" name="setup" is-config="true" duration-ms="8139" started-at="2020-12-18T18:43:56Z" finished-at="2020-12-18T18:44:04Z">
          <reporter-output>
          </reporter-output>
        </test-method> <!-- setup -->
        <test-method status="PASS" signature="test_Home_Page_Appear_Correct()[pri:0, instance:test2.Logintwo@659a969b]" name="test_Home_Page_Appear_Correct" duration-ms="2127" started-at="2020-12-18T18:44:04Z" finished-at="2020-12-18T18:44:06Z">
          <reporter-output>
          </reporter-output>
        </test-method> <!-- test_Home_Page_Appear_Correct -->
      </class> <!-- test2.Logintwo -->
    </test> <!-- Default test -->
  </suite> <!-- Default suite -->
</testng-results>
